
> ap@0.1.0 start /home/plamen/Projects/star-wars-react-master-class/ui
> react-scripts start

Starting the development server...

Compiled with warnings.

./src/Router.js
  Line 15:3:  'Home' is defined but never used  no-unused-vars

./src/store/index.js
  Line 1:23:  'combineReducers' is defined but never used       no-unused-vars
  Line 5:7:   'middlewares' is assigned a value but never used  no-unused-vars
  Line 5:21:  Unexpected comma in middle of array               no-sparse-arrays

./src/components/containers/CharactersList.js
  Line 27:6:  React Hook useEffect has a missing dependency: 'dispatch'. Either include it or remove the dependency array  react-hooks/exhaustive-deps

./src/components/containers/EpisodesList.js
  Line 29:6:  React Hook useEffect has a missing dependency: 'dispatch'. Either include it or remove the dependency array  react-hooks/exhaustive-deps

./src/components/screens/Characters.js
  Line 5:9:  'theme' is assigned a value but never used  no-unused-vars

Search for the keywords to learn more about each warning.
To ignore, add // eslint-disable-next-line to the line before.

Compiling...
Compiled with warnings.

./src/Router.js
  Line 15:3:  'Home' is defined but never used  no-unused-vars

./src/store/index.js
  Line 1:23:  'combineReducers' is defined but never used       no-unused-vars
  Line 5:7:   'middlewares' is assigned a value but never used  no-unused-vars
  Line 5:21:  Unexpected comma in middle of array               no-sparse-arrays

./src/components/containers/CharactersList.js
  Line 27:6:  React Hook useEffect has a missing dependency: 'dispatch'. Either include it or remove the dependency array  react-hooks/exhaustive-deps

./src/components/containers/EpisodesList.js
  Line 29:6:  React Hook useEffect has a missing dependency: 'dispatch'. Either include it or remove the dependency array  react-hooks/exhaustive-deps

./src/components/screens/Characters.js
  Line 5:9:  'theme' is assigned a value but never used  no-unused-vars

Search for the keywords to learn more about each warning.
To ignore, add // eslint-disable-next-line to the line before.

Compiling...
Compiled with warnings.

./src/Router.js
  Line 15:3:  'Home' is defined but never used  no-unused-vars

./src/store/index.js
  Line 1:23:  'combineReducers' is defined but never used       no-unused-vars
  Line 5:7:   'middlewares' is assigned a value but never used  no-unused-vars
  Line 5:21:  Unexpected comma in middle of array               no-sparse-arrays

./src/components/containers/CharactersList.js
  Line 27:6:  React Hook useEffect has a missing dependency: 'dispatch'. Either include it or remove the dependency array  react-hooks/exhaustive-deps

./src/components/containers/EpisodesList.js
  Line 29:6:  React Hook useEffect has a missing dependency: 'dispatch'. Either include it or remove the dependency array  react-hooks/exhaustive-deps

./src/components/screens/Characters.js
  Line 5:9:  'theme' is assigned a value but never used  no-unused-vars

Search for the keywords to learn more about each warning.
To ignore, add // eslint-disable-next-line to the line before.

Compiling...
Failed to compile.

./src/components/presentational/CharacterDetails/index.js
Syntax error: Identifier 'CharactersCard' has already been declared (5:8)

  3 | import { useSelector } from 'react-redux';
  4 | 
> 5 | import CharactersCard from '../CharactersCard';
    |        ^
  6 | 
  7 | const CharacterDetails = ({
  8 |   match: {
Compiling...
Failed to compile.

./src/components/presentational/CharacterDetails/index.js
  Line 10:28:  'allPeople' is not defined  no-undef

Search for the keywords to learn more about each error.
Compiling...
Compiled with warnings.

./src/Router.js
  Line 15:3:  'Home' is defined but never used  no-unused-vars

./src/store/index.js
  Line 1:23:  'combineReducers' is defined but never used       no-unused-vars
  Line 5:7:   'middlewares' is assigned a value but never used  no-unused-vars
  Line 5:21:  Unexpected comma in middle of array               no-sparse-arrays

./src/components/containers/CharactersList.js
  Line 27:6:  React Hook useEffect has a missing dependency: 'dispatch'. Either include it or remove the dependency array  react-hooks/exhaustive-deps

./src/components/containers/EpisodesList.js
  Line 29:6:  React Hook useEffect has a missing dependency: 'dispatch'. Either include it or remove the dependency array  react-hooks/exhaustive-deps

./src/components/screens/Characters.js
  Line 5:9:  'theme' is assigned a value but never used  no-unused-vars

Search for the keywords to learn more about each warning.
To ignore, add // eslint-disable-next-line to the line before.

Compiling...
Compiled with warnings.

./src/Router.js
  Line 15:3:  'Home' is defined but never used  no-unused-vars

./src/store/index.js
  Line 1:23:  'combineReducers' is defined but never used       no-unused-vars
  Line 5:7:   'middlewares' is assigned a value but never used  no-unused-vars
  Line 5:21:  Unexpected comma in middle of array               no-sparse-arrays

./src/components/containers/CharactersList.js
  Line 27:6:  React Hook useEffect has a missing dependency: 'dispatch'. Either include it or remove the dependency array  react-hooks/exhaustive-deps

./src/components/containers/EpisodesList.js
  Line 29:6:  React Hook useEffect has a missing dependency: 'dispatch'. Either include it or remove the dependency array  react-hooks/exhaustive-deps

./src/components/screens/Characters.js
  Line 5:9:  'theme' is assigned a value but never used  no-unused-vars

Search for the keywords to learn more about each warning.
To ignore, add // eslint-disable-next-line to the line before.

Compiling...
Compiled with warnings.

./src/Router.js
  Line 15:3:  'Home' is defined but never used  no-unused-vars

./src/store/index.js
  Line 1:23:  'combineReducers' is defined but never used       no-unused-vars
  Line 5:7:   'middlewares' is assigned a value but never used  no-unused-vars
  Line 5:21:  Unexpected comma in middle of array               no-sparse-arrays

./src/components/containers/CharactersList.js
  Line 27:6:  React Hook useEffect has a missing dependency: 'dispatch'. Either include it or remove the dependency array  react-hooks/exhaustive-deps

./src/components/containers/EpisodesList.js
  Line 29:6:  React Hook useEffect has a missing dependency: 'dispatch'. Either include it or remove the dependency array  react-hooks/exhaustive-deps

./src/components/screens/Characters.js
  Line 5:9:  'theme' is assigned a value but never used  no-unused-vars

Search for the keywords to learn more about each warning.
To ignore, add // eslint-disable-next-line to the line before.

Compiling...
Compiled with warnings.

./src/Router.js
  Line 15:3:  'Home' is defined but never used  no-unused-vars

./src/store/index.js
  Line 1:23:  'combineReducers' is defined but never used       no-unused-vars
  Line 5:7:   'middlewares' is assigned a value but never used  no-unused-vars
  Line 5:21:  Unexpected comma in middle of array               no-sparse-arrays

./src/components/containers/CharactersList.js
  Line 27:6:  React Hook useEffect has a missing dependency: 'dispatch'. Either include it or remove the dependency array  react-hooks/exhaustive-deps

./src/components/containers/EpisodesList.js
  Line 29:6:  React Hook useEffect has a missing dependency: 'dispatch'. Either include it or remove the dependency array  react-hooks/exhaustive-deps

./src/components/screens/Characters.js
  Line 5:9:  'theme' is assigned a value but never used  no-unused-vars

Search for the keywords to learn more about each warning.
To ignore, add // eslint-disable-next-line to the line before.

Compiling...
Compiled with warnings.

./src/Router.js
  Line 15:3:  'Home' is defined but never used  no-unused-vars

./src/store/index.js
  Line 1:23:  'combineReducers' is defined but never used       no-unused-vars
  Line 5:7:   'middlewares' is assigned a value but never used  no-unused-vars
  Line 5:21:  Unexpected comma in middle of array               no-sparse-arrays

./src/components/containers/CharactersList.js
  Line 27:6:  React Hook useEffect has a missing dependency: 'dispatch'. Either include it or remove the dependency array  react-hooks/exhaustive-deps

./src/components/containers/EpisodesList.js
  Line 29:6:  React Hook useEffect has a missing dependency: 'dispatch'. Either include it or remove the dependency array  react-hooks/exhaustive-deps

./src/components/screens/Characters.js
  Line 5:9:  'theme' is assigned a value but never used  no-unused-vars

Search for the keywords to learn more about each warning.
To ignore, add // eslint-disable-next-line to the line before.

Compiling...
Compiled with warnings.

./src/Router.js
  Line 15:3:  'Home' is defined but never used  no-unused-vars

./src/store/index.js
  Line 1:23:  'combineReducers' is defined but never used       no-unused-vars
  Line 5:7:   'middlewares' is assigned a value but never used  no-unused-vars
  Line 5:21:  Unexpected comma in middle of array               no-sparse-arrays

./src/components/containers/CharactersList.js
  Line 27:6:  React Hook useEffect has a missing dependency: 'dispatch'. Either include it or remove the dependency array  react-hooks/exhaustive-deps

./src/components/containers/EpisodesList.js
  Line 29:6:  React Hook useEffect has a missing dependency: 'dispatch'. Either include it or remove the dependency array  react-hooks/exhaustive-deps

./src/components/screens/Characters.js
  Line 5:9:  'theme' is assigned a value but never used  no-unused-vars

Search for the keywords to learn more about each warning.
To ignore, add // eslint-disable-next-line to the line before.

Compiling...
Compiled with warnings.

./src/Router.js
  Line 15:3:  'Home' is defined but never used  no-unused-vars

./src/store/index.js
  Line 1:23:  'combineReducers' is defined but never used       no-unused-vars
  Line 5:7:   'middlewares' is assigned a value but never used  no-unused-vars
  Line 5:21:  Unexpected comma in middle of array               no-sparse-arrays

./src/components/containers/CharactersList.js
  Line 27:6:  React Hook useEffect has a missing dependency: 'dispatch'. Either include it or remove the dependency array  react-hooks/exhaustive-deps

./src/components/containers/EpisodesList.js
  Line 29:6:  React Hook useEffect has a missing dependency: 'dispatch'. Either include it or remove the dependency array  react-hooks/exhaustive-deps

./src/components/screens/Characters.js
  Line 5:9:  'theme' is assigned a value but never used  no-unused-vars

Search for the keywords to learn more about each warning.
To ignore, add // eslint-disable-next-line to the line before.

Compiling...
Compiled with warnings.

./src/Router.js
  Line 15:3:  'Home' is defined but never used  no-unused-vars

./src/store/index.js
  Line 1:23:  'combineReducers' is defined but never used       no-unused-vars
  Line 5:7:   'middlewares' is assigned a value but never used  no-unused-vars
  Line 5:21:  Unexpected comma in middle of array               no-sparse-arrays

./src/components/containers/CharactersList.js
  Line 27:6:  React Hook useEffect has a missing dependency: 'dispatch'. Either include it or remove the dependency array  react-hooks/exhaustive-deps

./src/components/containers/EpisodesList.js
  Line 29:6:  React Hook useEffect has a missing dependency: 'dispatch'. Either include it or remove the dependency array  react-hooks/exhaustive-deps

./src/components/screens/Characters.js
  Line 5:9:  'theme' is assigned a value but never used  no-unused-vars

Search for the keywords to learn more about each warning.
To ignore, add // eslint-disable-next-line to the line before.

Compiling...
Compiled with warnings.

./src/Router.js
  Line 15:3:  'Home' is defined but never used  no-unused-vars

./src/store/index.js
  Line 1:23:  'combineReducers' is defined but never used       no-unused-vars
  Line 5:7:   'middlewares' is assigned a value but never used  no-unused-vars
  Line 5:21:  Unexpected comma in middle of array               no-sparse-arrays

./src/components/containers/CharactersList.js
  Line 27:6:  React Hook useEffect has a missing dependency: 'dispatch'. Either include it or remove the dependency array  react-hooks/exhaustive-deps

./src/components/containers/EpisodesList.js
  Line 29:6:  React Hook useEffect has a missing dependency: 'dispatch'. Either include it or remove the dependency array  react-hooks/exhaustive-deps

./src/components/screens/Characters.js
  Line 5:9:  'theme' is assigned a value but never used  no-unused-vars

Search for the keywords to learn more about each warning.
To ignore, add // eslint-disable-next-line to the line before.

Compiling...
Failed to compile.

./src/components/presentational/CharacterDetails/index.js
  Line 17:3:  Expected an assignment or function call and instead saw an expression  no-unused-expressions

Search for the keywords to learn more about each error.
Compiling...
Failed to compile.

./src/components/presentational/CharacterDetails/index.js
  Line 17:3:  Expected an assignment or function call and instead saw an expression  no-unused-expressions

Search for the keywords to learn more about each error.
Compiling...
Compiled with warnings.

./src/Router.js
  Line 15:3:  'Home' is defined but never used  no-unused-vars

./src/store/index.js
  Line 1:23:  'combineReducers' is defined but never used       no-unused-vars
  Line 5:7:   'middlewares' is assigned a value but never used  no-unused-vars
  Line 5:21:  Unexpected comma in middle of array               no-sparse-arrays

./src/components/containers/CharactersList.js
  Line 27:6:  React Hook useEffect has a missing dependency: 'dispatch'. Either include it or remove the dependency array  react-hooks/exhaustive-deps

./src/components/containers/EpisodesList.js
  Line 29:6:  React Hook useEffect has a missing dependency: 'dispatch'. Either include it or remove the dependency array  react-hooks/exhaustive-deps

./src/components/screens/Characters.js
  Line 5:9:  'theme' is assigned a value but never used  no-unused-vars

Search for the keywords to learn more about each warning.
To ignore, add // eslint-disable-next-line to the line before.

Compiling...
Compiled with warnings.

./src/Router.js
  Line 15:3:  'Home' is defined but never used  no-unused-vars

./src/store/index.js
  Line 1:23:  'combineReducers' is defined but never used       no-unused-vars
  Line 5:7:   'middlewares' is assigned a value but never used  no-unused-vars
  Line 5:21:  Unexpected comma in middle of array               no-sparse-arrays

./src/components/containers/CharactersList.js
  Line 27:6:  React Hook useEffect has a missing dependency: 'dispatch'. Either include it or remove the dependency array  react-hooks/exhaustive-deps

./src/components/containers/EpisodesList.js
  Line 29:6:  React Hook useEffect has a missing dependency: 'dispatch'. Either include it or remove the dependency array  react-hooks/exhaustive-deps

./src/components/screens/Characters.js
  Line 5:9:  'theme' is assigned a value but never used  no-unused-vars

Search for the keywords to learn more about each warning.
To ignore, add // eslint-disable-next-line to the line before.

Compiling...
Compiled with warnings.

./src/Router.js
  Line 15:3:  'Home' is defined but never used  no-unused-vars

./src/components/containers/CharactersList.js
  Line 27:6:  React Hook useEffect has a missing dependency: 'dispatch'. Either include it or remove the dependency array  react-hooks/exhaustive-deps

./src/components/containers/EpisodesList.js
  Line 29:6:  React Hook useEffect has a missing dependency: 'dispatch'. Either include it or remove the dependency array  react-hooks/exhaustive-deps

./src/store/index.js
  Line 5:7:   'middlewares' is assigned a value but never used  no-unused-vars
  Line 5:21:  Unexpected comma in middle of array               no-sparse-arrays

./src/components/screens/Characters.js
  Line 5:9:  'theme' is assigned a value but never used  no-unused-vars

Search for the keywords to learn more about each warning.
To ignore, add // eslint-disable-next-line to the line before.

Compiling...
Compiled with warnings.

./src/Router.js
  Line 15:3:  'Home' is defined but never used  no-unused-vars

./src/components/containers/CharactersList.js
  Line 27:6:  React Hook useEffect has a missing dependency: 'dispatch'. Either include it or remove the dependency array  react-hooks/exhaustive-deps

./src/components/containers/EpisodesList.js
  Line 29:6:  React Hook useEffect has a missing dependency: 'dispatch'. Either include it or remove the dependency array  react-hooks/exhaustive-deps

./src/components/screens/Characters.js
  Line 5:9:  'theme' is assigned a value but never used  no-unused-vars

Search for the keywords to learn more about each warning.
To ignore, add // eslint-disable-next-line to the line before.

Compiling...
Compiled with warnings.

./src/Router.js
  Line 15:3:  'Home' is defined but never used  no-unused-vars

./src/components/screens/Characters.js
  Line 1:17:  'useContext' is defined but never used    no-unused-vars
  Line 2:10:  'ThemeContext' is defined but never used  no-unused-vars

./src/components/containers/CharactersList.js
  Line 27:6:  React Hook useEffect has a missing dependency: 'dispatch'. Either include it or remove the dependency array  react-hooks/exhaustive-deps

./src/components/containers/EpisodesList.js
  Line 29:6:  React Hook useEffect has a missing dependency: 'dispatch'. Either include it or remove the dependency array  react-hooks/exhaustive-deps

Search for the keywords to learn more about each warning.
To ignore, add // eslint-disable-next-line to the line before.

Compiling...
Compiled with warnings.

./src/Router.js
  Line 15:3:  'Home' is defined but never used  no-unused-vars

./src/components/screens/Characters.js
  Line 1:17:  'useContext' is defined but never used    no-unused-vars
  Line 2:10:  'ThemeContext' is defined but never used  no-unused-vars

./src/components/containers/CharactersList.js
  Line 27:6:  React Hook useEffect has a missing dependency: 'dispatch'. Either include it or remove the dependency array  react-hooks/exhaustive-deps

Search for the keywords to learn more about each warning.
To ignore, add // eslint-disable-next-line to the line before.

Compiling...
Compiled with warnings.

./src/Router.js
  Line 15:3:  'Home' is defined but never used  no-unused-vars

./src/components/screens/Characters.js
  Line 1:17:  'useContext' is defined but never used    no-unused-vars
  Line 2:10:  'ThemeContext' is defined but never used  no-unused-vars

./src/components/containers/CharactersList.js
  Line 27:6:  React Hook useEffect has a missing dependency: 'dispatch'. Either include it or remove the dependency array  react-hooks/exhaustive-deps

Search for the keywords to learn more about each warning.
To ignore, add // eslint-disable-next-line to the line before.

Compiling...
Compiled with warnings.

./src/Router.js
  Line 15:3:  'Home' is defined but never used  no-unused-vars

./src/components/screens/Characters.js
  Line 1:17:  'useContext' is defined but never used    no-unused-vars
  Line 2:10:  'ThemeContext' is defined but never used  no-unused-vars

./src/components/containers/CharactersList.js
  Line 27:6:  React Hook useEffect has a missing dependency: 'dispatch'. Either include it or remove the dependency array  react-hooks/exhaustive-deps

./src/components/containers/EpisodesList.js
  Line 29:6:  React Hook useEffect has a missing dependency: 'dispatch'. Either include it or remove the dependency array  react-hooks/exhaustive-deps

Search for the keywords to learn more about each warning.
To ignore, add // eslint-disable-next-line to the line before.

Compiling...
Compiled with warnings.

./src/Router.js
  Line 15:3:  'Home' is defined but never used  no-unused-vars

./src/components/screens/Characters.js
  Line 1:17:  'useContext' is defined but never used    no-unused-vars
  Line 2:10:  'ThemeContext' is defined but never used  no-unused-vars

./src/components/containers/CharactersList.js
  Line 27:6:  React Hook useEffect has a missing dependency: 'dispatch'. Either include it or remove the dependency array  react-hooks/exhaustive-deps

./src/components/containers/EpisodesList.js
  Line 29:6:  React Hook useEffect has a missing dependency: 'dispatch'. Either include it or remove the dependency array  react-hooks/exhaustive-deps

Search for the keywords to learn more about each warning.
To ignore, add // eslint-disable-next-line to the line before.

Compiling...
Compiled with warnings.

./src/Router.js
  Line 15:3:  'Home' is defined but never used  no-unused-vars

./src/components/screens/Characters.js
  Line 1:17:  'useContext' is defined but never used    no-unused-vars
  Line 2:10:  'ThemeContext' is defined but never used  no-unused-vars

./src/components/containers/CharactersList.js
  Line 27:6:  React Hook useEffect has a missing dependency: 'dispatch'. Either include it or remove the dependency array  react-hooks/exhaustive-deps

./src/components/containers/EpisodesList.js
  Line 28:6:  React Hook useEffect has a missing dependency: 'dispatch'. Either include it or remove the dependency array  react-hooks/exhaustive-deps

Search for the keywords to learn more about each warning.
To ignore, add // eslint-disable-next-line to the line before.

Compiling...
Compiled with warnings.

./src/Router.js
  Line 15:3:  'Home' is defined but never used  no-unused-vars

./src/components/screens/Characters.js
  Line 1:17:  'useContext' is defined but never used    no-unused-vars
  Line 2:10:  'ThemeContext' is defined but never used  no-unused-vars

./src/components/containers/CharactersList.js
  Line 27:6:  React Hook useEffect has a missing dependency: 'dispatch'. Either include it or remove the dependency array  react-hooks/exhaustive-deps

./src/components/containers/EpisodesList.js
  Line 28:6:  React Hook useEffect has a missing dependency: 'dispatch'. Either include it or remove the dependency array  react-hooks/exhaustive-deps

Search for the keywords to learn more about each warning.
To ignore, add // eslint-disable-next-line to the line before.

Compiling...
Compiled with warnings.

./src/Router.js
  Line 15:3:  'Home' is defined but never used  no-unused-vars

./src/components/screens/Characters.js
  Line 1:17:  'useContext' is defined but never used  no-unused-vars

./src/components/containers/CharactersList.js
  Line 27:6:  React Hook useEffect has a missing dependency: 'dispatch'. Either include it or remove the dependency array  react-hooks/exhaustive-deps

./src/components/containers/EpisodesList.js
  Line 28:6:  React Hook useEffect has a missing dependency: 'dispatch'. Either include it or remove the dependency array  react-hooks/exhaustive-deps

Search for the keywords to learn more about each warning.
To ignore, add // eslint-disable-next-line to the line before.

Compiling...
Compiled with warnings.

./src/Router.js
  Line 15:3:  'Home' is defined but never used  no-unused-vars

./src/components/containers/CharactersList.js
  Line 27:6:  React Hook useEffect has a missing dependency: 'dispatch'. Either include it or remove the dependency array  react-hooks/exhaustive-deps

./src/components/containers/EpisodesList.js
  Line 28:6:  React Hook useEffect has a missing dependency: 'dispatch'. Either include it or remove the dependency array  react-hooks/exhaustive-deps

Search for the keywords to learn more about each warning.
To ignore, add // eslint-disable-next-line to the line before.

Compiling...
Compiled with warnings.

./src/components/containers/CharactersList.js
  Line 27:6:  React Hook useEffect has a missing dependency: 'dispatch'. Either include it or remove the dependency array  react-hooks/exhaustive-deps

./src/components/containers/EpisodesList.js
  Line 28:6:  React Hook useEffect has a missing dependency: 'dispatch'. Either include it or remove the dependency array  react-hooks/exhaustive-deps

Search for the keywords to learn more about each warning.
To ignore, add // eslint-disable-next-line to the line before.

Failed to compile.

./src/components/screens/Home.js
Error: ENOENT: no such file or directory, open '/home/plamen/Projects/star-wars-react-master-class/ui/src/components/screens/Home.js'
Compiling...
Failed to compile.

./src/components/screens/Home.js
Error: ENOENT: no such file or directory, open '/home/plamen/Projects/star-wars-react-master-class/ui/src/components/screens/Home.js'
Compiling...
Compiled with warnings.

./src/components/containers/CharactersList.js
  Line 27:6:  React Hook useEffect has a missing dependency: 'dispatch'. Either include it or remove the dependency array  react-hooks/exhaustive-deps

./src/components/containers/EpisodesList.js
  Line 28:6:  React Hook useEffect has a missing dependency: 'dispatch'. Either include it or remove the dependency array  react-hooks/exhaustive-deps

Search for the keywords to learn more about each warning.
To ignore, add // eslint-disable-next-line to the line before.

Compiling...
Compiled with warnings.

./src/components/containers/EpisodesList.js
  Line 28:6:  React Hook useEffect has a missing dependency: 'dispatch'. Either include it or remove the dependency array  react-hooks/exhaustive-deps

Search for the keywords to learn more about each warning.
To ignore, add // eslint-disable-next-line to the line before.

Compiling...
Compiled with warnings.

./src/components/containers/EpisodesList.js
  Line 28:6:  React Hook useEffect has a missing dependency: 'dispatch'. Either include it or remove the dependency array  react-hooks/exhaustive-deps

Search for the keywords to learn more about each warning.
To ignore, add // eslint-disable-next-line to the line before.

Compiling...
Compiled successfully!
